<?xml version="1.0" encoding="UTF-8"?>
<testsuite xmlns:xsi="http://www.w3.org/2001/XMLSchema-instance" xsi:noNamespaceSchemaLocation="https://maven.apache.org/surefire/maven-surefire-plugin/xsd/surefire-test-report-3.0.xsd" version="3.0" name="tests.AuthenticationTest" time="24.794" tests="3" errors="0" skipped="0" failures="0">
  <properties>
[...]
</properties>
  <testcase name="testInvalidLoginWithWrongPassword" classname="tests.AuthenticationTest" time="8.543">
    <system-out><![CDATA[✅ Başarısız login senaryosu başarıyla test edildi. Hata mesajı doğru.
]]></system-out>
    <system-err><![CDATA[Haz 30, 2025 7:51:25 ÖS org.openqa.selenium.devtools.CdpVersionFinder findNearestMatch
WARNING: Unable to find CDP implementation matching 137
Haz 30, 2025 7:51:25 ÖS org.openqa.selenium.chromium.ChromiumDriver lambda$new$5
WARNING: Unable to find version of CDP to use for 137.0.7151.120. You may need to include a dependency on a specific version of the CDP using something similar to `org.seleniumhq.selenium:selenium-devtools-v86:4.20.0` where the version ("v86") matches the version of the chromium-based browser you're using and the version number of the artifact is the same as Selenium's.
]]></system-err>
  </testcase>
  <testcase name="testRegistrationWithExistingEmail" classname="tests.AuthenticationTest" time="11.314">
    <system-out><![CDATA[✅ Başarıyla doğrulandı: Mevcut e-posta ile kayıt olmaya çalışınca, sistem ilerlemeye izin vermiyor ve kaydı tamamlama sayfasına yönlendiriyor.
]]></system-out>
    <system-err><![CDATA[Haz 30, 2025 7:51:31 ÖS org.openqa.selenium.devtools.CdpVersionFinder findNearestMatch
WARNING: Unable to find CDP implementation matching 137
Haz 30, 2025 7:51:31 ÖS org.openqa.selenium.chromium.ChromiumDriver lambda$new$5
WARNING: Unable to find version of CDP to use for 137.0.7151.120. You may need to include a dependency on a specific version of the CDP using something similar to `org.seleniumhq.selenium:selenium-devtools-v86:4.20.0` where the version ("v86") matches the version of the chromium-based browser you're using and the version number of the artifact is the same as Selenium's.
]]></system-err>
  </testcase>
  <testcase name="testRegistrationWithInvalidEmailFormat" classname="tests.AuthenticationTest" time="4.927">
    <system-out><![CDATA[Tarayıcı Validasyon Mesajı: Lütfen e-posta adresine bir "@" işareti ekleyin. "gecersiz-eposta.com" adresinde "@" eksik.
✅ Geçersiz e-posta formatı uyarısı başarıyla test edildi.
]]></system-out>
    <system-err><![CDATA[Haz 30, 2025 7:51:43 ÖS org.openqa.selenium.devtools.CdpVersionFinder findNearestMatch
WARNING: Unable to find CDP implementation matching 137
Haz 30, 2025 7:51:43 ÖS org.openqa.selenium.chromium.ChromiumDriver lambda$new$5
WARNING: Unable to find version of CDP to use for 137.0.7151.120. You may need to include a dependency on a specific version of the CDP using something similar to `org.seleniumhq.selenium:selenium-devtools-v86:4.20.0` where the version ("v86") matches the version of the chromium-based browser you're using and the version number of the artifact is the same as Selenium's.
]]></system-err>
  </testcase>
</testsuite>